<?xml version="1.0" encoding="UTF-8"?>
<Site BuildName="Darwin-clang++"
	BuildStamp="20240403-0828-Experimental"
	Name="Nicholass-MBP.attlocal.net"
	Generator="ctest-3.28.3"
	CompilerName="/usr/bin/clang++"
	CompilerVersion="15.0.0.15000040"
	OSName="macOS"
	Hostname="Nicholass-MBP.attlocal.net"
	OSRelease="14.1.1"
	OSVersion="23B2082"
	OSPlatform="arm64"
	Is64Bits="1"
	VendorString="IBM"
	VendorID="IBM"
	FamilyID="16777228"
	ModelID="2"
	ProcessorCacheSize="131072"
	NumberOfLogicalCPU="12"
	NumberOfPhysicalCPU="12"
	TotalVirtualMemory="2048"
	TotalPhysicalMemory="18432"
	LogicalProcessorsPerPhysical="12"
	ProcessorClockFrequency="0"
	>
	<Testing>
		<StartDateTime>Apr 03 01:30 PDT</StartDateTime>
		<StartTestTime>1712133050</StartTestTime>
		<TestList/>
		<EndDateTime>Apr 03 01:30 PDT</EndDateTime>
		<EndTestTime>1712133050</EndTestTime>
		<ElapsedMinutes>0</ElapsedMinutes>
	</Testing>
</Site>
